

Microchip MPLAB XC8 Assembler V2.46 build 20240104201356 
                                                                                               Mon Aug 26 11:30:35 2024

Microchip MPLAB XC8 C Compiler v2.46 (Free license) build 20240104201356 Og1 
     1                           	processor	18F4550
     2                           	fnconf	rparam,??,?,0
     3                           	pagewidth 120
     4                           	opt	flic
     5                           	psect	cinit,global,reloc=2,class=CODE,delta=1
     6                           	psect	cstackCOMRAM,global,class=COMRAM,space=1,delta=1,lowdata,noexec
     7                           	psect	text0,global,reloc=2,class=CODE,delta=1
     8                           	psect	text1,global,reloc=2,class=CODE,delta=1,group=1
     9                           	psect	text2,global,reloc=2,class=CODE,delta=1,group=1
    10                           	psect	text3,global,reloc=2,class=CODE,delta=1,group=1
    11                           	psect	text4,global,reloc=2,class=CODE,delta=1
    12                           	psect	text5,global,reloc=2,class=CODE,delta=1
    13                           	psect	smallconst,global,reloc=2,class=SMALLCONST,delta=1,noexec
    14                           	psect	intsave_regs,global,class=BIGRAM,space=1,delta=1,noexec
    15                           	psect	rparam,global,class=COMRAM,space=1,delta=1,noexec
    16   000000                     
    17                           ; Generated 17/10/2023 GMT
    18                           ; 
    19                           ; Copyright © 2023, Microchip Technology Inc. and its subsidiaries ("Microchip")
    20                           ; All rights reserved.
    21                           ; 
    22                           ; This software is developed by Microchip Technology Inc. and its subsidiaries ("Microch
      +                          ip").
    23                           ; 
    24                           ; Redistribution and use in source and binary forms, with or without modification, are
    25                           ; permitted provided that the following conditions are met:
    26                           ; 
    27                           ;     1. Redistributions of source code must retain the above copyright notice, this lis
      +                          t of
    28                           ;        conditions and the following disclaimer.
    29                           ; 
    30                           ;     2. Redistributions in binary form must reproduce the above copyright notice, this 
      +                          list
    31                           ;        of conditions and the following disclaimer in the documentation and/or other
    32                           ;        materials provided with the distribution. Publication is not required when
    33                           ;        this file is used in an embedded application.
    34                           ; 
    35                           ;     3. Microchip's name may not be used to endorse or promote products derived from th
      +                          is
    36                           ;        software without specific prior written permission.
    37                           ; 
    38                           ; THIS SOFTWARE IS PROVIDED BY MICROCHIP "AS IS" AND ANY EXPRESS OR IMPLIED WARRANTIES,
    39                           ; INCLUDING, BUT NOT LIMITED TO, THE IMPLIED WARRANTIES OF MERCHANTABILITY AND FITNESS F
      +                          OR
    40                           ; PURPOSE ARE DISCLAIMED.  IN NO EVENT SHALL MICROCHIP BE LIABLE FOR ANY DIRECT, INDIREC
      +                          T,
    41                           ; INCIDENTAL, SPECIAL, EXEMPLARY, OR CONSEQUENTIAL DAMAGES (INCLUDING BUT NOT LIMITED TO
    42                           ; PROCUREMENT OF SUBSTITUTE GOODS OR SERVICES; LOSS OF USE, DATA OR PROFITS; OR BUSINESS
    43                           ; INTERRUPTION) HOWSOEVER CAUSED AND ON ANY THEORY OF LIABILITY, WHETHER IN CONTRACT, ST
      +                          RICT
    44                           ; LIABILITY, OR TORT (INCLUDING NEGLIGENCE OR OTHERWISE) ARISING IN ANY WAY OUT OF THE U
      +                          SE OF
    45                           ; THIS SOFTWARE, EVEN IF ADVISED OF THE POSSIBILITY OF SUCH DAMAGE.
    46                           ; 
    47                           ; 
    48                           ; Code-generator required, PIC18F4550 Definitions
    49                           ; 
    50                           ; SFR Addresses
    51   000000                     _ADCON0	set	4034
    52   000000                     _ADRESL	set	4035
    53   000000                     _ADRESH	set	4036
    54   000000                     _ADCON0bits	set	4034
    55   000000                     _GO	set	32273
    56   000000                     _ADON	set	32272
    57   000000                     _PORTB	set	3969
    58   000000                     _TRISB	set	3987
    59   000000                     _ADCON2	set	4032
    60   000000                     _ADCON1	set	4033
    61   000000                     _OSCCON	set	4051
    62   000000                     _TRISA	set	3986
    63                           
    64                           ; #config settings
    65                           
    66                           	psect	cinit
    67   00101A                     __pcinit:
    68                           	callstack 0
    69   00101A                     start_initialization:
    70                           	callstack 0
    71   00101A                     __initialization:
    72                           	callstack 0
    73   00101A                     end_of_initialization:
    74                           	callstack 0
    75   00101A                     __end_of__initialization:
    76                           	callstack 0
    77   00101A  0100               	movlb	0
    78   00101C  EFC1  F007         	goto	_main	;jump to C main() function
    79                           
    80                           	psect	cstackCOMRAM
    81   000001                     __pcstackCOMRAM:
    82                           	callstack 0
    83   000001                     ?_ADC_Read:
    84                           	callstack 0
    85   000001                     ?___xxtofl:
    86                           	callstack 0
    87   000001                     ADC_Read@channel:
    88                           	callstack 0
    89   000001                     ___xxtofl@val:
    90                           	callstack 0
    91                           
    92                           ; 4 bytes @ 0x0
    93   000001                     	ds	2
    94   000003                     ??_ADC_Read:
    95                           
    96                           ; 1 bytes @ 0x2
    97   000003                     	ds	2
    98   000005                     ??___xxtofl:
    99                           
   100                           ; 1 bytes @ 0x4
   101   000005                     	ds	2
   102   000007                     ADC_Read@digital:
   103                           	callstack 0
   104                           
   105                           ; 2 bytes @ 0x6
   106   000007                     	ds	2
   107   000009                     ___xxtofl@sign:
   108                           	callstack 0
   109                           
   110                           ; 1 bytes @ 0x8
   111   000009                     	ds	1
   112   00000A                     ___xxtofl@exp:
   113                           	callstack 0
   114                           
   115                           ; 1 bytes @ 0x9
   116   00000A                     	ds	1
   117   00000B                     ___xxtofl@arg:
   118                           	callstack 0
   119                           
   120                           ; 4 bytes @ 0xA
   121   00000B                     	ds	4
   122   00000F                     ?___flmul:
   123                           	callstack 0
   124   00000F                     ___flmul@b:
   125                           	callstack 0
   126                           
   127                           ; 4 bytes @ 0xE
   128   00000F                     	ds	4
   129   000013                     ___flmul@a:
   130                           	callstack 0
   131                           
   132                           ; 4 bytes @ 0x12
   133   000013                     	ds	4
   134   000017                     ??___flmul:
   135                           
   136                           ; 1 bytes @ 0x16
   137   000017                     	ds	4
   138   00001B                     ___flmul@sign:
   139                           	callstack 0
   140                           
   141                           ; 1 bytes @ 0x1A
   142   00001B                     	ds	1
   143   00001C                     ___flmul@grs:
   144                           	callstack 0
   145                           
   146                           ; 4 bytes @ 0x1B
   147   00001C                     	ds	4
   148   000020                     ___flmul@aexp:
   149                           	callstack 0
   150                           
   151                           ; 1 bytes @ 0x1F
   152   000020                     	ds	1
   153   000021                     ___flmul@bexp:
   154                           	callstack 0
   155                           
   156                           ; 1 bytes @ 0x20
   157   000021                     	ds	1
   158   000022                     ___flmul@prod:
   159                           	callstack 0
   160                           
   161                           ; 4 bytes @ 0x21
   162   000022                     	ds	4
   163   000026                     ___flmul@temp:
   164                           	callstack 0
   165                           
   166                           ; 2 bytes @ 0x25
   167   000026                     	ds	2
   168   000028                     ?___fltol:
   169                           	callstack 0
   170   000028                     ___fltol@f1:
   171                           	callstack 0
   172                           
   173                           ; 4 bytes @ 0x27
   174   000028                     	ds	4
   175   00002C                     ??___fltol:
   176                           
   177                           ; 1 bytes @ 0x2B
   178   00002C                     	ds	4
   179   000030                     ___fltol@sign1:
   180                           	callstack 0
   181                           
   182                           ; 1 bytes @ 0x2F
   183   000030                     	ds	1
   184   000031                     ___fltol@exp1:
   185                           	callstack 0
   186                           
   187                           ; 1 bytes @ 0x30
   188   000031                     	ds	1
   189   000032                     main@digital:
   190                           	callstack 0
   191                           
   192                           ; 2 bytes @ 0x31
   193   000032                     	ds	2
   194   000034                     main@bits10a8:
   195                           	callstack 0
   196                           
   197                           ; 2 bytes @ 0x33
   198   000034                     	ds	2
   199                           
   200 ;;
   201 ;;Main: autosize = 0, tempsize = 0, incstack = 0, save=0
   202 ;;
   203 ;; *************** function _main *****************
   204 ;; Defined at:
   205 ;;		line 16 in file "ADC_LAB2.c"
   206 ;; Parameters:    Size  Location     Type
   207 ;;		None
   208 ;; Auto vars:     Size  Location     Type
   209 ;;  data           10    0        unsigned char [10]
   210 ;;  bits10a8        2   51[COMRAM] unsigned int 
   211 ;;  digital         2   49[COMRAM] int 
   212 ;; Return value:  Size  Location     Type
   213 ;;                  1    wreg      void 
   214 ;; Registers used:
   215 ;;		wreg, status,2, status,0, prodl, prodh, cstack
   216 ;; Tracked objects:
   217 ;;		On entry : 0/0
   218 ;;		On exit  : 0/0
   219 ;;		Unchanged: 0/0
   220 ;; Data sizes:     COMRAM   BANK0   BANK1   BANK2   BANK3   BANK4   BANK5   BANK6   BANK7
   221 ;;      Params:         0       0       0       0       0       0       0       0       0
   222 ;;      Locals:         4       0       0       0       0       0       0       0       0
   223 ;;      Temps:          0       0       0       0       0       0       0       0       0
   224 ;;      Totals:         4       0       0       0       0       0       0       0       0
   225 ;;Total ram usage:        4 bytes
   226 ;; Hardware stack levels required when called: 1
   227 ;; This function calls:
   228 ;;		_ADC_Init
   229 ;;		_ADC_Read
   230 ;;		___flmul
   231 ;;		___fltol
   232 ;;		___xxtofl
   233 ;; This function is called by:
   234 ;;		Startup code after reset
   235 ;; This function uses a non-reentrant model
   236 ;;
   237                           
   238                           	psect	text0
   239   000F82                     __ptext0:
   240                           	callstack 0
   241   000F82                     _main:
   242                           	callstack 30
   243   000F82                     
   244                           ;ADC_LAB2.c: 17:     char data[10];;ADC_LAB2.c: 18:     int digital;;ADC_LAB2.c: 19:    
      +                           unsigned int bits10a8;;ADC_LAB2.c: 20:     TRISB = 0x00;
   245   000F82  0E00               	movlw	0
   246   000F84  6E93               	movwf	147,c	;volatile
   247                           
   248                           ;ADC_LAB2.c: 21:     OSCCON = 0x72;
   249   000F86  0E72               	movlw	114
   250   000F88  6ED3               	movwf	211,c	;volatile
   251   000F8A                     
   252                           ;ADC_LAB2.c: 22:     ADC_Init();
   253   000F8A  EC03  F008         	call	_ADC_Init	;wreg free
   254   000F8E                     l1195:
   255                           
   256                           ;ADC_LAB2.c: 24:         digital = ADC_Read(0);
   257   000F8E  0E00               	movlw	0
   258   000F90  6E02               	movwf	(ADC_Read@channel+1)^0,c
   259   000F92  0E00               	movlw	0
   260   000F94  6E01               	movwf	ADC_Read@channel^0,c
   261   000F96  EC73  F007         	call	_ADC_Read	;wreg free
   262   000F9A  C001  F032         	movff	?_ADC_Read,main@digital
   263   000F9E  C002  F033         	movff	?_ADC_Read+1,main@digital+1
   264   000FA2                     
   265                           ;ADC_LAB2.c: 25:         bits10a8 = (unsigned int)(digital * 0.25);
   266   000FA2  0E00               	movlw	0
   267   000FA4  6E13               	movwf	___flmul@a^0,c
   268   000FA6  0E00               	movlw	0
   269   000FA8  6E14               	movwf	(___flmul@a+1)^0,c
   270   000FAA  0E80               	movlw	128
   271   000FAC  6E15               	movwf	(___flmul@a+2)^0,c
   272   000FAE  0E3E               	movlw	62
   273   000FB0  6E16               	movwf	(___flmul@a+3)^0,c
   274   000FB2  C032  F001         	movff	main@digital,___xxtofl@val
   275   000FB6  C033  F002         	movff	main@digital+1,___xxtofl@val+1
   276   000FBA  0E00               	movlw	0
   277   000FBC  BE02               	btfsc	(___xxtofl@val+1)^0,7,c
   278   000FBE  0EFF               	movlw	-1
   279   000FC0  6E03               	movwf	(___xxtofl@val+2)^0,c
   280   000FC2  6E04               	movwf	(___xxtofl@val+3)^0,c
   281   000FC4  0E01               	movlw	1
   282   000FC6  EC16  F006         	call	___xxtofl
   283   000FCA  C001  F00F         	movff	?___xxtofl,___flmul@b
   284   000FCE  C002  F010         	movff	?___xxtofl+1,___flmul@b+1
   285   000FD2  C003  F011         	movff	?___xxtofl+2,___flmul@b+2
   286   000FD6  C004  F012         	movff	?___xxtofl+3,___flmul@b+3
   287   000FDA  EC01  F004         	call	___flmul	;wreg free
   288   000FDE  C00F  F028         	movff	?___flmul,___fltol@f1
   289   000FE2  C010  F029         	movff	?___flmul+1,___fltol@f1+1
   290   000FE6  C011  F02A         	movff	?___flmul+2,___fltol@f1+2
   291   000FEA  C012  F02B         	movff	?___flmul+3,___fltol@f1+3
   292   000FEE  ECF0  F006         	call	___fltol	;wreg free
   293   000FF2  C028  F034         	movff	?___fltol,main@bits10a8
   294   000FF6  C029  F035         	movff	?___fltol+1,main@bits10a8+1
   295   000FFA                     
   296                           ;ADC_LAB2.c: 26:         PORTB = bits10a8;
   297   000FFA  C034  FF81         	movff	main@bits10a8,3969	;volatile
   298   000FFE  EFC7  F007         	goto	l1195
   299   001002  EF00  F000         	goto	start
   300   001006                     __end_of_main:
   301                           	callstack 0
   302                           
   303 ;; *************** function ___xxtofl *****************
   304 ;; Defined at:
   305 ;;		line 10 in file "C:\Program Files\Microchip\xc8\v2.46\pic\sources\c99\common\xxtofl.c"
   306 ;; Parameters:    Size  Location     Type
   307 ;;  sign            1    wreg     unsigned char 
   308 ;;  val             4    0[COMRAM] long 
   309 ;; Auto vars:     Size  Location     Type
   310 ;;  sign            1    8[COMRAM] unsigned char 
   311 ;;  arg             4   10[COMRAM] unsigned long 
   312 ;;  exp             1    9[COMRAM] unsigned char 
   313 ;; Return value:  Size  Location     Type
   314 ;;                  4    0[COMRAM] unsigned char 
   315 ;; Registers used:
   316 ;;		wreg, status,2, status,0
   317 ;; Tracked objects:
   318 ;;		On entry : 0/0
   319 ;;		On exit  : 0/0
   320 ;;		Unchanged: 0/0
   321 ;; Data sizes:     COMRAM   BANK0   BANK1   BANK2   BANK3   BANK4   BANK5   BANK6   BANK7
   322 ;;      Params:         4       0       0       0       0       0       0       0       0
   323 ;;      Locals:         6       0       0       0       0       0       0       0       0
   324 ;;      Temps:          4       0       0       0       0       0       0       0       0
   325 ;;      Totals:        14       0       0       0       0       0       0       0       0
   326 ;;Total ram usage:       14 bytes
   327 ;; Hardware stack levels used: 1
   328 ;; This function calls:
   329 ;;		Nothing
   330 ;; This function is called by:
   331 ;;		_main
   332 ;; This function uses a non-reentrant model
   333 ;;
   334                           
   335                           	psect	text1
   336   000C2C                     __ptext1:
   337                           	callstack 0
   338   000C2C                     ___xxtofl:
   339                           	callstack 30
   340                           
   341                           ;incstack = 0
   342                           ;___xxtofl@sign stored from wreg
   343   000C2C  6E09               	movwf	___xxtofl@sign^0,c
   344   000C2E  5009               	movf	___xxtofl@sign^0,w,c
   345   000C30  B4D8               	btfsc	status,2,c
   346   000C32  EF1D  F006         	goto	u771
   347   000C36  EF1F  F006         	goto	u770
   348   000C3A                     u771:
   349   000C3A  EF41  F006         	goto	l703
   350   000C3E                     u770:
   351   000C3E  BE04               	btfsc	(___xxtofl@val+3)^0,7,c
   352   000C40  EF26  F006         	goto	u780
   353   000C44  EF24  F006         	goto	u781
   354   000C48                     u781:
   355   000C48  EF41  F006         	goto	l703
   356   000C4C                     u780:
   357   000C4C  C001  F005         	movff	___xxtofl@val,??___xxtofl
   358   000C50  C002  F006         	movff	___xxtofl@val+1,??___xxtofl+1
   359   000C54  C003  F007         	movff	___xxtofl@val+2,??___xxtofl+2
   360   000C58  C004  F008         	movff	___xxtofl@val+3,??___xxtofl+3
   361   000C5C  1E05               	comf	??___xxtofl^0,f,c
   362   000C5E  1E06               	comf	(??___xxtofl+1)^0,f,c
   363   000C60  1E07               	comf	(??___xxtofl+2)^0,f,c
   364   000C62  1E08               	comf	(??___xxtofl+3)^0,f,c
   365   000C64  2A05               	incf	??___xxtofl^0,f,c
   366   000C66  0E00               	movlw	0
   367   000C68  2206               	addwfc	(??___xxtofl+1)^0,f,c
   368   000C6A  2207               	addwfc	(??___xxtofl+2)^0,f,c
   369   000C6C  2208               	addwfc	(??___xxtofl+3)^0,f,c
   370   000C6E  C005  F00B         	movff	??___xxtofl,___xxtofl@arg
   371   000C72  C006  F00C         	movff	??___xxtofl+1,___xxtofl@arg+1
   372   000C76  C007  F00D         	movff	??___xxtofl+2,___xxtofl@arg+2
   373   000C7A  C008  F00E         	movff	??___xxtofl+3,___xxtofl@arg+3
   374   000C7E  EF49  F006         	goto	l1151
   375   000C82                     l703:
   376   000C82  C001  F00B         	movff	___xxtofl@val,___xxtofl@arg
   377   000C86  C002  F00C         	movff	___xxtofl@val+1,___xxtofl@arg+1
   378   000C8A  C003  F00D         	movff	___xxtofl@val+2,___xxtofl@arg+2
   379   000C8E  C004  F00E         	movff	___xxtofl@val+3,___xxtofl@arg+3
   380   000C92                     l1151:
   381   000C92  5001               	movf	___xxtofl@val^0,w,c
   382   000C94  1002               	iorwf	(___xxtofl@val+1)^0,w,c
   383   000C96  1003               	iorwf	(___xxtofl@val+2)^0,w,c
   384   000C98  1004               	iorwf	(___xxtofl@val+3)^0,w,c
   385   000C9A  A4D8               	btfss	status,2,c
   386   000C9C  EF52  F006         	goto	u791
   387   000CA0  EF54  F006         	goto	u790
   388   000CA4                     u791:
   389   000CA4  EF5E  F006         	goto	l1157
   390   000CA8                     u790:
   391   000CA8  0E00               	movlw	0
   392   000CAA  6E01               	movwf	?___xxtofl^0,c
   393   000CAC  0E00               	movlw	0
   394   000CAE  6E02               	movwf	(?___xxtofl+1)^0,c
   395   000CB0  0E00               	movlw	0
   396   000CB2  6E03               	movwf	(?___xxtofl+2)^0,c
   397   000CB4  0E00               	movlw	0
   398   000CB6  6E04               	movwf	(?___xxtofl+3)^0,c
   399   000CB8  EFEF  F006         	goto	l706
   400   000CBC                     l1157:
   401   000CBC  0E96               	movlw	150
   402   000CBE  6E0A               	movwf	___xxtofl@exp^0,c
   403   000CC0  EF68  F006         	goto	l1161
   404   000CC4                     l1159:
   405   000CC4  2A0A               	incf	___xxtofl@exp^0,f,c
   406   000CC6  90D8               	bcf	status,0,c
   407   000CC8  320E               	rrcf	(___xxtofl@arg+3)^0,f,c
   408   000CCA  320D               	rrcf	(___xxtofl@arg+2)^0,f,c
   409   000CCC  320C               	rrcf	(___xxtofl@arg+1)^0,f,c
   410   000CCE  320B               	rrcf	___xxtofl@arg^0,f,c
   411   000CD0                     l1161:
   412   000CD0  0E00               	movlw	0
   413   000CD2  140B               	andwf	___xxtofl@arg^0,w,c
   414   000CD4  6E05               	movwf	??___xxtofl^0,c
   415   000CD6  0E00               	movlw	0
   416   000CD8  140C               	andwf	(___xxtofl@arg+1)^0,w,c
   417   000CDA  6E06               	movwf	(??___xxtofl+1)^0,c
   418   000CDC  0E00               	movlw	0
   419   000CDE  140D               	andwf	(___xxtofl@arg+2)^0,w,c
   420   000CE0  6E07               	movwf	(??___xxtofl+2)^0,c
   421   000CE2  0EFE               	movlw	254
   422   000CE4  140E               	andwf	(___xxtofl@arg+3)^0,w,c
   423   000CE6  6E08               	movwf	(??___xxtofl+3)^0,c
   424   000CE8  5005               	movf	??___xxtofl^0,w,c
   425   000CEA  1006               	iorwf	(??___xxtofl+1)^0,w,c
   426   000CEC  1007               	iorwf	(??___xxtofl+2)^0,w,c
   427   000CEE  1008               	iorwf	(??___xxtofl+3)^0,w,c
   428   000CF0  A4D8               	btfss	status,2,c
   429   000CF2  EF7D  F006         	goto	u801
   430   000CF6  EF7F  F006         	goto	u800
   431   000CFA                     u801:
   432   000CFA  EF62  F006         	goto	l1159
   433   000CFE                     u800:
   434   000CFE  EF8D  F006         	goto	l710
   435   000D02                     l1163:
   436   000D02  2A0A               	incf	___xxtofl@exp^0,f,c
   437   000D04  0E01               	movlw	1
   438   000D06  260B               	addwf	___xxtofl@arg^0,f,c
   439   000D08  0E00               	movlw	0
   440   000D0A  220C               	addwfc	(___xxtofl@arg+1)^0,f,c
   441   000D0C  220D               	addwfc	(___xxtofl@arg+2)^0,f,c
   442   000D0E  220E               	addwfc	(___xxtofl@arg+3)^0,f,c
   443   000D10  90D8               	bcf	status,0,c
   444   000D12  320E               	rrcf	(___xxtofl@arg+3)^0,f,c
   445   000D14  320D               	rrcf	(___xxtofl@arg+2)^0,f,c
   446   000D16  320C               	rrcf	(___xxtofl@arg+1)^0,f,c
   447   000D18  320B               	rrcf	___xxtofl@arg^0,f,c
   448   000D1A                     l710:
   449   000D1A  0E00               	movlw	0
   450   000D1C  140B               	andwf	___xxtofl@arg^0,w,c
   451   000D1E  6E05               	movwf	??___xxtofl^0,c
   452   000D20  0E00               	movlw	0
   453   000D22  140C               	andwf	(___xxtofl@arg+1)^0,w,c
   454   000D24  6E06               	movwf	(??___xxtofl+1)^0,c
   455   000D26  0E00               	movlw	0
   456   000D28  140D               	andwf	(___xxtofl@arg+2)^0,w,c
   457   000D2A  6E07               	movwf	(??___xxtofl+2)^0,c
   458   000D2C  0EFF               	movlw	255
   459   000D2E  140E               	andwf	(___xxtofl@arg+3)^0,w,c
   460   000D30  6E08               	movwf	(??___xxtofl+3)^0,c
   461   000D32  5005               	movf	??___xxtofl^0,w,c
   462   000D34  1006               	iorwf	(??___xxtofl+1)^0,w,c
   463   000D36  1007               	iorwf	(??___xxtofl+2)^0,w,c
   464   000D38  1008               	iorwf	(??___xxtofl+3)^0,w,c
   465   000D3A  A4D8               	btfss	status,2,c
   466   000D3C  EFA2  F006         	goto	u811
   467   000D40  EFA4  F006         	goto	u810
   468   000D44                     u811:
   469   000D44  EF81  F006         	goto	l1163
   470   000D48                     u810:
   471   000D48  EFAC  F006         	goto	l1171
   472   000D4C                     l1169:
   473   000D4C  060A               	decf	___xxtofl@exp^0,f,c
   474   000D4E  90D8               	bcf	status,0,c
   475   000D50  360B               	rlcf	___xxtofl@arg^0,f,c
   476   000D52  360C               	rlcf	(___xxtofl@arg+1)^0,f,c
   477   000D54  360D               	rlcf	(___xxtofl@arg+2)^0,f,c
   478   000D56  360E               	rlcf	(___xxtofl@arg+3)^0,f,c
   479   000D58                     l1171:
   480   000D58  BE0D               	btfsc	(___xxtofl@arg+2)^0,7,c
   481   000D5A  EFB1  F006         	goto	u821
   482   000D5E  EFB3  F006         	goto	u820
   483   000D62                     u821:
   484   000D62  EFBB  F006         	goto	l717
   485   000D66                     u820:
   486   000D66  0E02               	movlw	2
   487   000D68  600A               	cpfslt	___xxtofl@exp^0,c
   488   000D6A  EFB9  F006         	goto	u831
   489   000D6E  EFBB  F006         	goto	u830
   490   000D72                     u831:
   491   000D72  EFA6  F006         	goto	l1169
   492   000D76                     u830:
   493   000D76                     l717:
   494   000D76  B00A               	btfsc	___xxtofl@exp^0,0,c
   495   000D78  EFC0  F006         	goto	u841
   496   000D7C  EFC2  F006         	goto	u840
   497   000D80                     u841:
   498   000D80  EFC3  F006         	goto	l1177
   499   000D84                     u840:
   500   000D84  9E0D               	bcf	(___xxtofl@arg+2)^0,7,c
   501   000D86                     l1177:
   502   000D86  90D8               	bcf	status,0,c
   503   000D88  320A               	rrcf	___xxtofl@exp^0,f,c
   504   000D8A  C00A  F005         	movff	___xxtofl@exp,??___xxtofl
   505   000D8E  6A06               	clrf	(??___xxtofl+1)^0,c
   506   000D90  6A07               	clrf	(??___xxtofl+2)^0,c
   507   000D92  6A08               	clrf	(??___xxtofl+3)^0,c
   508   000D94  C005  F008         	movff	??___xxtofl,??___xxtofl+3
   509   000D98  6A07               	clrf	(??___xxtofl+2)^0,c
   510   000D9A  6A06               	clrf	(??___xxtofl+1)^0,c
   511   000D9C  6A05               	clrf	??___xxtofl^0,c
   512   000D9E  5005               	movf	??___xxtofl^0,w,c
   513   000DA0  120B               	iorwf	___xxtofl@arg^0,f,c
   514   000DA2  5006               	movf	(??___xxtofl+1)^0,w,c
   515   000DA4  120C               	iorwf	(___xxtofl@arg+1)^0,f,c
   516   000DA6  5007               	movf	(??___xxtofl+2)^0,w,c
   517   000DA8  120D               	iorwf	(___xxtofl@arg+2)^0,f,c
   518   000DAA  5008               	movf	(??___xxtofl+3)^0,w,c
   519   000DAC  120E               	iorwf	(___xxtofl@arg+3)^0,f,c
   520   000DAE  5009               	movf	___xxtofl@sign^0,w,c
   521   000DB0  B4D8               	btfsc	status,2,c
   522   000DB2  EFDD  F006         	goto	u851
   523   000DB6  EFDF  F006         	goto	u850
   524   000DBA                     u851:
   525   000DBA  EFE7  F006         	goto	l1187
   526   000DBE                     u850:
   527   000DBE  BE04               	btfsc	(___xxtofl@val+3)^0,7,c
   528   000DC0  EFE6  F006         	goto	u860
   529   000DC4  EFE4  F006         	goto	u861
   530   000DC8                     u861:
   531   000DC8  EFE7  F006         	goto	l1187
   532   000DCC                     u860:
   533   000DCC  8E0E               	bsf	(___xxtofl@arg+3)^0,7,c
   534   000DCE                     l1187:
   535   000DCE  C00B  F001         	movff	___xxtofl@arg,?___xxtofl
   536   000DD2  C00C  F002         	movff	___xxtofl@arg+1,?___xxtofl+1
   537   000DD6  C00D  F003         	movff	___xxtofl@arg+2,?___xxtofl+2
   538   000DDA  C00E  F004         	movff	___xxtofl@arg+3,?___xxtofl+3
   539   000DDE                     l706:
   540   000DDE  0012               	return		;funcret
   541   000DE0                     __end_of___xxtofl:
   542                           	callstack 0
   543                           
   544 ;; *************** function ___fltol *****************
   545 ;; Defined at:
   546 ;;		line 43 in file "C:\Program Files\Microchip\xc8\v2.46\pic\sources\c99\common\fltol.c"
   547 ;; Parameters:    Size  Location     Type
   548 ;;  f1              4   39[COMRAM] unsigned char 
   549 ;; Auto vars:     Size  Location     Type
   550 ;;  exp1            1   48[COMRAM] unsigned char 
   551 ;;  sign1           1   47[COMRAM] unsigned char 
   552 ;; Return value:  Size  Location     Type
   553 ;;                  4   39[COMRAM] long 
   554 ;; Registers used:
   555 ;;		wreg, status,2, status,0
   556 ;; Tracked objects:
   557 ;;		On entry : 0/0
   558 ;;		On exit  : 0/0
   559 ;;		Unchanged: 0/0
   560 ;; Data sizes:     COMRAM   BANK0   BANK1   BANK2   BANK3   BANK4   BANK5   BANK6   BANK7
   561 ;;      Params:         4       0       0       0       0       0       0       0       0
   562 ;;      Locals:         2       0       0       0       0       0       0       0       0
   563 ;;      Temps:          4       0       0       0       0       0       0       0       0
   564 ;;      Totals:        10       0       0       0       0       0       0       0       0
   565 ;;Total ram usage:       10 bytes
   566 ;; Hardware stack levels used: 1
   567 ;; This function calls:
   568 ;;		Nothing
   569 ;; This function is called by:
   570 ;;		_main
   571 ;; This function uses a non-reentrant model
   572 ;;
   573                           
   574                           	psect	text2
   575   000DE0                     __ptext2:
   576                           	callstack 0
   577   000DE0                     ___fltol:
   578                           	callstack 30
   579   000DE0  342A               	rlcf	(___fltol@f1+2)^0,w,c
   580   000DE2  342B               	rlcf	(___fltol@f1+3)^0,w,c
   581   000DE4  6E31               	movwf	___fltol@exp1^0,c
   582   000DE6  5031               	movf	___fltol@exp1^0,w,c
   583   000DE8  A4D8               	btfss	status,2,c
   584   000DEA  EFF9  F006         	goto	u701
   585   000DEE  EFFB  F006         	goto	u700
   586   000DF2                     u701:
   587   000DF2  EF05  F007         	goto	l1107
   588   000DF6                     u700:
   589   000DF6                     l1103:
   590   000DF6  0E00               	movlw	0
   591   000DF8  6E28               	movwf	?___fltol^0,c
   592   000DFA  0E00               	movlw	0
   593   000DFC  6E29               	movwf	(?___fltol+1)^0,c
   594   000DFE  0E00               	movlw	0
   595   000E00  6E2A               	movwf	(?___fltol+2)^0,c
   596   000E02  0E00               	movlw	0
   597   000E04  6E2B               	movwf	(?___fltol+3)^0,c
   598   000E06  EF72  F007         	goto	l345
   599   000E0A                     l1107:
   600   000E0A  C028  F02C         	movff	___fltol@f1,??___fltol
   601   000E0E  C029  F02D         	movff	___fltol@f1+1,??___fltol+1
   602   000E12  C02A  F02E         	movff	___fltol@f1+2,??___fltol+2
   603   000E16  C02B  F02F         	movff	___fltol@f1+3,??___fltol+3
   604   000E1A  0E20               	movlw	32
   605   000E1C  EF15  F007         	goto	u710
   606   000E20                     u715:
   607   000E20  90D8               	bcf	status,0,c
   608   000E22  322F               	rrcf	(??___fltol+3)^0,f,c
   609   000E24  322E               	rrcf	(??___fltol+2)^0,f,c
   610   000E26  322D               	rrcf	(??___fltol+1)^0,f,c
   611   000E28  322C               	rrcf	??___fltol^0,f,c
   612   000E2A                     u710:
   613   000E2A  2EE8               	decfsz	wreg,f,c
   614   000E2C  EF10  F007         	goto	u715
   615   000E30  502C               	movf	??___fltol^0,w,c
   616   000E32  6E30               	movwf	___fltol@sign1^0,c
   617   000E34  8E2A               	bsf	(___fltol@f1+2)^0,7,c
   618   000E36  0EFF               	movlw	255
   619   000E38  1628               	andwf	___fltol@f1^0,f,c
   620   000E3A  0EFF               	movlw	255
   621   000E3C  1629               	andwf	(___fltol@f1+1)^0,f,c
   622   000E3E  0EFF               	movlw	255
   623   000E40  162A               	andwf	(___fltol@f1+2)^0,f,c
   624   000E42  0E00               	movlw	0
   625   000E44  162B               	andwf	(___fltol@f1+3)^0,f,c
   626   000E46  0E96               	movlw	150
   627   000E48  5E31               	subwf	___fltol@exp1^0,f,c
   628   000E4A  BE31               	btfsc	___fltol@exp1^0,7,c
   629   000E4C  EF2C  F007         	goto	u720
   630   000E50  EF2A  F007         	goto	u721
   631   000E54                     u721:
   632   000E54  EF42  F007         	goto	l1127
   633   000E58                     u720:
   634   000E58  5031               	movf	___fltol@exp1^0,w,c
   635   000E5A  0A80               	xorlw	128
   636   000E5C  0F97               	addlw	151
   637   000E5E  B0D8               	btfsc	status,0,c
   638   000E60  EF34  F007         	goto	u731
   639   000E64  EF36  F007         	goto	u730
   640   000E68                     u731:
   641   000E68  EF38  F007         	goto	l1123
   642   000E6C                     u730:
   643   000E6C  EFFB  F006         	goto	l1103
   644   000E70                     l1123:
   645   000E70  90D8               	bcf	status,0,c
   646   000E72  322B               	rrcf	(___fltol@f1+3)^0,f,c
   647   000E74  322A               	rrcf	(___fltol@f1+2)^0,f,c
   648   000E76  3229               	rrcf	(___fltol@f1+1)^0,f,c
   649   000E78  3228               	rrcf	___fltol@f1^0,f,c
   650   000E7A  3E31               	incfsz	___fltol@exp1^0,f,c
   651   000E7C  EF38  F007         	goto	l1123
   652   000E80  EF5A  F007         	goto	l1137
   653   000E84                     l1127:
   654   000E84  0E1F               	movlw	31
   655   000E86  6431               	cpfsgt	___fltol@exp1^0,c
   656   000E88  EF48  F007         	goto	u741
   657   000E8C  EF4A  F007         	goto	u740
   658   000E90                     u741:
   659   000E90  EF52  F007         	goto	l1135
   660   000E94                     u740:
   661   000E94  EFFB  F006         	goto	l1103
   662   000E98                     l1133:
   663   000E98  90D8               	bcf	status,0,c
   664   000E9A  3628               	rlcf	___fltol@f1^0,f,c
   665   000E9C  3629               	rlcf	(___fltol@f1+1)^0,f,c
   666   000E9E  362A               	rlcf	(___fltol@f1+2)^0,f,c
   667   000EA0  362B               	rlcf	(___fltol@f1+3)^0,f,c
   668   000EA2  0631               	decf	___fltol@exp1^0,f,c
   669   000EA4                     l1135:
   670   000EA4  5031               	movf	___fltol@exp1^0,w,c
   671   000EA6  A4D8               	btfss	status,2,c
   672   000EA8  EF58  F007         	goto	u751
   673   000EAC  EF5A  F007         	goto	u750
   674   000EB0                     u751:
   675   000EB0  EF4C  F007         	goto	l1133
   676   000EB4                     u750:
   677   000EB4                     l1137:
   678   000EB4  5030               	movf	___fltol@sign1^0,w,c
   679   000EB6  B4D8               	btfsc	status,2,c
   680   000EB8  EF60  F007         	goto	u761
   681   000EBC  EF62  F007         	goto	u760
   682   000EC0                     u761:
   683   000EC0  EF6A  F007         	goto	l1141
   684   000EC4                     u760:
   685   000EC4  1E2B               	comf	(___fltol@f1+3)^0,f,c
   686   000EC6  1E2A               	comf	(___fltol@f1+2)^0,f,c
   687   000EC8  1E29               	comf	(___fltol@f1+1)^0,f,c
   688   000ECA  6C28               	negf	___fltol@f1^0,c
   689   000ECC  0E00               	movlw	0
   690   000ECE  2229               	addwfc	(___fltol@f1+1)^0,f,c
   691   000ED0  222A               	addwfc	(___fltol@f1+2)^0,f,c
   692   000ED2  222B               	addwfc	(___fltol@f1+3)^0,f,c
   693   000ED4                     l1141:
   694   000ED4  C028  F028         	movff	___fltol@f1,?___fltol
   695   000ED8  C029  F029         	movff	___fltol@f1+1,?___fltol+1
   696   000EDC  C02A  F02A         	movff	___fltol@f1+2,?___fltol+2
   697   000EE0  C02B  F02B         	movff	___fltol@f1+3,?___fltol+3
   698   000EE4                     l345:
   699   000EE4  0012               	return		;funcret
   700   000EE6                     __end_of___fltol:
   701                           	callstack 0
   702                           
   703 ;; *************** function ___flmul *****************
   704 ;; Defined at:
   705 ;;		line 8 in file "C:\Program Files\Microchip\xc8\v2.46\pic\sources\c99\common\sprcmul.c"
   706 ;; Parameters:    Size  Location     Type
   707 ;;  b               4   14[COMRAM] long 
   708 ;;  a               4   18[COMRAM] long 
   709 ;; Auto vars:     Size  Location     Type
   710 ;;  prod            4   33[COMRAM] struct .
   711 ;;  grs             4   27[COMRAM] unsigned long 
   712 ;;  temp            2   37[COMRAM] struct .
   713 ;;  bexp            1   32[COMRAM] unsigned char 
   714 ;;  aexp            1   31[COMRAM] unsigned char 
   715 ;;  sign            1   26[COMRAM] unsigned char 
   716 ;; Return value:  Size  Location     Type
   717 ;;                  4   14[COMRAM] unsigned char 
   718 ;; Registers used:
   719 ;;		wreg, status,2, status,0, prodl, prodh
   720 ;; Tracked objects:
   721 ;;		On entry : 0/0
   722 ;;		On exit  : 0/0
   723 ;;		Unchanged: 0/0
   724 ;; Data sizes:     COMRAM   BANK0   BANK1   BANK2   BANK3   BANK4   BANK5   BANK6   BANK7
   725 ;;      Params:         8       0       0       0       0       0       0       0       0
   726 ;;      Locals:        13       0       0       0       0       0       0       0       0
   727 ;;      Temps:          4       0       0       0       0       0       0       0       0
   728 ;;      Totals:        25       0       0       0       0       0       0       0       0
   729 ;;Total ram usage:       25 bytes
   730 ;; Hardware stack levels used: 1
   731 ;; This function calls:
   732 ;;		Nothing
   733 ;; This function is called by:
   734 ;;		_main
   735 ;; This function uses a non-reentrant model
   736 ;;
   737                           
   738                           	psect	text3
   739   000802                     __ptext3:
   740                           	callstack 0
   741   000802                     ___flmul:
   742                           	callstack 30
   743   000802  5012               	movf	(___flmul@b+3)^0,w,c
   744   000804  0B80               	andlw	128
   745   000806  6E1B               	movwf	___flmul@sign^0,c
   746   000808  5012               	movf	(___flmul@b+3)^0,w,c
   747   00080A  2412               	addwf	(___flmul@b+3)^0,w,c
   748   00080C  6E21               	movwf	___flmul@bexp^0,c
   749   00080E  AE11               	btfss	(___flmul@b+2)^0,7,c
   750   000810  EF0C  F004         	goto	u511
   751   000814  EF0E  F004         	goto	u510
   752   000818                     u511:
   753   000818  EF0F  F004         	goto	l977
   754   00081C                     u510:
   755   00081C  8021               	bsf	___flmul@bexp^0,0,c
   756   00081E                     l977:
   757   00081E  5021               	movf	___flmul@bexp^0,w,c
   758   000820  B4D8               	btfsc	status,2,c
   759   000822  EF15  F004         	goto	u521
   760   000826  EF17  F004         	goto	u520
   761   00082A                     u521:
   762   00082A  EF2A  F004         	goto	l985
   763   00082E                     u520:
   764   00082E  2821               	incf	___flmul@bexp^0,w,c
   765   000830  A4D8               	btfss	status,2,c
   766   000832  EF1D  F004         	goto	u531
   767   000836  EF1F  F004         	goto	u530
   768   00083A                     u531:
   769   00083A  EF27  F004         	goto	l983
   770   00083E                     u530:
   771   00083E  0E00               	movlw	0
   772   000840  6E0F               	movwf	___flmul@b^0,c
   773   000842  0E00               	movlw	0
   774   000844  6E10               	movwf	(___flmul@b+1)^0,c
   775   000846  0E00               	movlw	0
   776   000848  6E11               	movwf	(___flmul@b+2)^0,c
   777   00084A  0E00               	movlw	0
   778   00084C  6E12               	movwf	(___flmul@b+3)^0,c
   779   00084E                     l983:
   780   00084E  8E11               	bsf	(___flmul@b+2)^0,7,c
   781   000850  EF32  F004         	goto	l987
   782   000854                     l985:
   783   000854  0E00               	movlw	0
   784   000856  6E0F               	movwf	___flmul@b^0,c
   785   000858  0E00               	movlw	0
   786   00085A  6E10               	movwf	(___flmul@b+1)^0,c
   787   00085C  0E00               	movlw	0
   788   00085E  6E11               	movwf	(___flmul@b+2)^0,c
   789   000860  0E00               	movlw	0
   790   000862  6E12               	movwf	(___flmul@b+3)^0,c
   791   000864                     l987:
   792   000864  5016               	movf	(___flmul@a+3)^0,w,c
   793   000866  0B80               	andlw	128
   794   000868  1A1B               	xorwf	___flmul@sign^0,f,c
   795   00086A  5016               	movf	(___flmul@a+3)^0,w,c
   796   00086C  2416               	addwf	(___flmul@a+3)^0,w,c
   797   00086E  6E20               	movwf	___flmul@aexp^0,c
   798   000870  AE15               	btfss	(___flmul@a+2)^0,7,c
   799   000872  EF3D  F004         	goto	u541
   800   000876  EF3F  F004         	goto	u540
   801   00087A                     u541:
   802   00087A  EF40  F004         	goto	l995
   803   00087E                     u540:
   804   00087E  8020               	bsf	___flmul@aexp^0,0,c
   805   000880                     l995:
   806   000880  5020               	movf	___flmul@aexp^0,w,c
   807   000882  B4D8               	btfsc	status,2,c
   808   000884  EF46  F004         	goto	u551
   809   000888  EF48  F004         	goto	u550
   810   00088C                     u551:
   811   00088C  EF5B  F004         	goto	l1003
   812   000890                     u550:
   813   000890  2820               	incf	___flmul@aexp^0,w,c
   814   000892  A4D8               	btfss	status,2,c
   815   000894  EF4E  F004         	goto	u561
   816   000898  EF50  F004         	goto	u560
   817   00089C                     u561:
   818   00089C  EF58  F004         	goto	l1001
   819   0008A0                     u560:
   820   0008A0  0E00               	movlw	0
   821   0008A2  6E13               	movwf	___flmul@a^0,c
   822   0008A4  0E00               	movlw	0
   823   0008A6  6E14               	movwf	(___flmul@a+1)^0,c
   824   0008A8  0E00               	movlw	0
   825   0008AA  6E15               	movwf	(___flmul@a+2)^0,c
   826   0008AC  0E00               	movlw	0
   827   0008AE  6E16               	movwf	(___flmul@a+3)^0,c
   828   0008B0                     l1001:
   829   0008B0  8E15               	bsf	(___flmul@a+2)^0,7,c
   830   0008B2  EF63  F004         	goto	l662
   831   0008B6                     l1003:
   832   0008B6  0E00               	movlw	0
   833   0008B8  6E13               	movwf	___flmul@a^0,c
   834   0008BA  0E00               	movlw	0
   835   0008BC  6E14               	movwf	(___flmul@a+1)^0,c
   836   0008BE  0E00               	movlw	0
   837   0008C0  6E15               	movwf	(___flmul@a+2)^0,c
   838   0008C2  0E00               	movlw	0
   839   0008C4  6E16               	movwf	(___flmul@a+3)^0,c
   840   0008C6                     l662:
   841   0008C6  5020               	movf	___flmul@aexp^0,w,c
   842   0008C8  B4D8               	btfsc	status,2,c
   843   0008CA  EF69  F004         	goto	u571
   844   0008CE  EF6B  F004         	goto	u570
   845   0008D2                     u571:
   846   0008D2  EF73  F004         	goto	l1007
   847   0008D6                     u570:
   848   0008D6  5021               	movf	___flmul@bexp^0,w,c
   849   0008D8  A4D8               	btfss	status,2,c
   850   0008DA  EF71  F004         	goto	u581
   851   0008DE  EF73  F004         	goto	u580
   852   0008E2                     u581:
   853   0008E2  EF7D  F004         	goto	l1011
   854   0008E6                     u580:
   855   0008E6                     l1007:
   856   0008E6  0E00               	movlw	0
   857   0008E8  6E0F               	movwf	?___flmul^0,c
   858   0008EA  0E00               	movlw	0
   859   0008EC  6E10               	movwf	(?___flmul+1)^0,c
   860   0008EE  0E00               	movlw	0
   861   0008F0  6E11               	movwf	(?___flmul+2)^0,c
   862   0008F2  0E00               	movlw	0
   863   0008F4  6E12               	movwf	(?___flmul+3)^0,c
   864   0008F6  EF15  F006         	goto	l666
   865   0008FA                     l1011:
   866   0008FA  5015               	movf	(___flmul@a+2)^0,w,c
   867   0008FC  020F               	mulwf	___flmul@b^0,c
   868   0008FE  CFF3 F026          	movff	prodl,___flmul@temp
   869   000902  CFF4 F027          	movff	prodh,___flmul@temp+1
   870   000906  5026               	movf	___flmul@temp^0,w,c
   871   000908  6E1C               	movwf	___flmul@grs^0,c
   872   00090A  6A1D               	clrf	(___flmul@grs+1)^0,c
   873   00090C  6A1E               	clrf	(___flmul@grs+2)^0,c
   874   00090E  6A1F               	clrf	(___flmul@grs+3)^0,c
   875   000910  5027               	movf	(___flmul@temp+1)^0,w,c
   876   000912  6E22               	movwf	___flmul@prod^0,c
   877   000914  6A23               	clrf	(___flmul@prod+1)^0,c
   878   000916  6A24               	clrf	(___flmul@prod+2)^0,c
   879   000918  6A25               	clrf	(___flmul@prod+3)^0,c
   880   00091A  5014               	movf	(___flmul@a+1)^0,w,c
   881   00091C  0210               	mulwf	(___flmul@b+1)^0,c
   882   00091E  CFF3 F026          	movff	prodl,___flmul@temp
   883   000922  CFF4 F027          	movff	prodh,___flmul@temp+1
   884   000926  5026               	movf	___flmul@temp^0,w,c
   885   000928  261C               	addwf	___flmul@grs^0,f,c
   886   00092A  0E00               	movlw	0
   887   00092C  221D               	addwfc	(___flmul@grs+1)^0,f,c
   888   00092E  221E               	addwfc	(___flmul@grs+2)^0,f,c
   889   000930  221F               	addwfc	(___flmul@grs+3)^0,f,c
   890   000932  5027               	movf	(___flmul@temp+1)^0,w,c
   891   000934  2622               	addwf	___flmul@prod^0,f,c
   892   000936  0E00               	movlw	0
   893   000938  2223               	addwfc	(___flmul@prod+1)^0,f,c
   894   00093A  2224               	addwfc	(___flmul@prod+2)^0,f,c
   895   00093C  2225               	addwfc	(___flmul@prod+3)^0,f,c
   896   00093E  5013               	movf	___flmul@a^0,w,c
   897   000940  0211               	mulwf	(___flmul@b+2)^0,c
   898   000942  CFF3 F026          	movff	prodl,___flmul@temp
   899   000946  CFF4 F027          	movff	prodh,___flmul@temp+1
   900   00094A  5026               	movf	___flmul@temp^0,w,c
   901   00094C  261C               	addwf	___flmul@grs^0,f,c
   902   00094E  0E00               	movlw	0
   903   000950  221D               	addwfc	(___flmul@grs+1)^0,f,c
   904   000952  221E               	addwfc	(___flmul@grs+2)^0,f,c
   905   000954  221F               	addwfc	(___flmul@grs+3)^0,f,c
   906   000956  5027               	movf	(___flmul@temp+1)^0,w,c
   907   000958  2622               	addwf	___flmul@prod^0,f,c
   908   00095A  0E00               	movlw	0
   909   00095C  2223               	addwfc	(___flmul@prod+1)^0,f,c
   910   00095E  2224               	addwfc	(___flmul@prod+2)^0,f,c
   911   000960  2225               	addwfc	(___flmul@prod+3)^0,f,c
   912   000962  C01E  F01F         	movff	___flmul@grs+2,___flmul@grs+3
   913   000966  C01D  F01E         	movff	___flmul@grs+1,___flmul@grs+2
   914   00096A  C01C  F01D         	movff	___flmul@grs,___flmul@grs+1
   915   00096E  6A1C               	clrf	___flmul@grs^0,c
   916   000970  5013               	movf	___flmul@a^0,w,c
   917   000972  0210               	mulwf	(___flmul@b+1)^0,c
   918   000974  CFF3 F026          	movff	prodl,___flmul@temp
   919   000978  CFF4 F027          	movff	prodh,___flmul@temp+1
   920   00097C  5026               	movf	___flmul@temp^0,w,c
   921   00097E  261C               	addwf	___flmul@grs^0,f,c
   922   000980  5027               	movf	(___flmul@temp+1)^0,w,c
   923   000982  221D               	addwfc	(___flmul@grs+1)^0,f,c
   924   000984  0E00               	movlw	0
   925   000986  221E               	addwfc	(___flmul@grs+2)^0,f,c
   926   000988  0E00               	movlw	0
   927   00098A  221F               	addwfc	(___flmul@grs+3)^0,f,c
   928   00098C  5014               	movf	(___flmul@a+1)^0,w,c
   929   00098E  020F               	mulwf	___flmul@b^0,c
   930   000990  CFF3 F026          	movff	prodl,___flmul@temp
   931   000994  CFF4 F027          	movff	prodh,___flmul@temp+1
   932   000998  5026               	movf	___flmul@temp^0,w,c
   933   00099A  261C               	addwf	___flmul@grs^0,f,c
   934   00099C  5027               	movf	(___flmul@temp+1)^0,w,c
   935   00099E  221D               	addwfc	(___flmul@grs+1)^0,f,c
   936   0009A0  0E00               	movlw	0
   937   0009A2  221E               	addwfc	(___flmul@grs+2)^0,f,c
   938   0009A4  0E00               	movlw	0
   939   0009A6  221F               	addwfc	(___flmul@grs+3)^0,f,c
   940   0009A8  C01E  F01F         	movff	___flmul@grs+2,___flmul@grs+3
   941   0009AC  C01D  F01E         	movff	___flmul@grs+1,___flmul@grs+2
   942   0009B0  C01C  F01D         	movff	___flmul@grs,___flmul@grs+1
   943   0009B4  6A1C               	clrf	___flmul@grs^0,c
   944   0009B6  5013               	movf	___flmul@a^0,w,c
   945   0009B8  020F               	mulwf	___flmul@b^0,c
   946   0009BA  CFF3 F026          	movff	prodl,___flmul@temp
   947   0009BE  CFF4 F027          	movff	prodh,___flmul@temp+1
   948   0009C2  5026               	movf	___flmul@temp^0,w,c
   949   0009C4  261C               	addwf	___flmul@grs^0,f,c
   950   0009C6  5027               	movf	(___flmul@temp+1)^0,w,c
   951   0009C8  221D               	addwfc	(___flmul@grs+1)^0,f,c
   952   0009CA  0E00               	movlw	0
   953   0009CC  221E               	addwfc	(___flmul@grs+2)^0,f,c
   954   0009CE  0E00               	movlw	0
   955   0009D0  221F               	addwfc	(___flmul@grs+3)^0,f,c
   956   0009D2  5015               	movf	(___flmul@a+2)^0,w,c
   957   0009D4  0210               	mulwf	(___flmul@b+1)^0,c
   958   0009D6  CFF3 F026          	movff	prodl,___flmul@temp
   959   0009DA  CFF4 F027          	movff	prodh,___flmul@temp+1
   960   0009DE  5026               	movf	___flmul@temp^0,w,c
   961   0009E0  2622               	addwf	___flmul@prod^0,f,c
   962   0009E2  5027               	movf	(___flmul@temp+1)^0,w,c
   963   0009E4  2223               	addwfc	(___flmul@prod+1)^0,f,c
   964   0009E6  0E00               	movlw	0
   965   0009E8  2224               	addwfc	(___flmul@prod+2)^0,f,c
   966   0009EA  0E00               	movlw	0
   967   0009EC  2225               	addwfc	(___flmul@prod+3)^0,f,c
   968   0009EE  5014               	movf	(___flmul@a+1)^0,w,c
   969   0009F0  0211               	mulwf	(___flmul@b+2)^0,c
   970   0009F2  CFF3 F026          	movff	prodl,___flmul@temp
   971   0009F6  CFF4 F027          	movff	prodh,___flmul@temp+1
   972   0009FA  5026               	movf	___flmul@temp^0,w,c
   973   0009FC  2622               	addwf	___flmul@prod^0,f,c
   974   0009FE  5027               	movf	(___flmul@temp+1)^0,w,c
   975   000A00  2223               	addwfc	(___flmul@prod+1)^0,f,c
   976   000A02  0E00               	movlw	0
   977   000A04  2224               	addwfc	(___flmul@prod+2)^0,f,c
   978   000A06  0E00               	movlw	0
   979   000A08  2225               	addwfc	(___flmul@prod+3)^0,f,c
   980   000A0A  5015               	movf	(___flmul@a+2)^0,w,c
   981   000A0C  0211               	mulwf	(___flmul@b+2)^0,c
   982   000A0E  CFF3 F026          	movff	prodl,___flmul@temp
   983   000A12  CFF4 F027          	movff	prodh,___flmul@temp+1
   984   000A16  5026               	movf	___flmul@temp^0,w,c
   985   000A18  6E17               	movwf	??___flmul^0,c
   986   000A1A  5027               	movf	(___flmul@temp+1)^0,w,c
   987   000A1C  6E18               	movwf	(??___flmul+1)^0,c
   988   000A1E  6A19               	clrf	(??___flmul+2)^0,c
   989   000A20  6A1A               	clrf	(??___flmul+3)^0,c
   990   000A22  C019  F01A         	movff	??___flmul+2,??___flmul+3
   991   000A26  C018  F019         	movff	??___flmul+1,??___flmul+2
   992   000A2A  C017  F018         	movff	??___flmul,??___flmul+1
   993   000A2E  6A17               	clrf	??___flmul^0,c
   994   000A30  5017               	movf	??___flmul^0,w,c
   995   000A32  2622               	addwf	___flmul@prod^0,f,c
   996   000A34  5018               	movf	(??___flmul+1)^0,w,c
   997   000A36  2223               	addwfc	(___flmul@prod+1)^0,f,c
   998   000A38  5019               	movf	(??___flmul+2)^0,w,c
   999   000A3A  2224               	addwfc	(___flmul@prod+2)^0,f,c
  1000   000A3C  501A               	movf	(??___flmul+3)^0,w,c
  1001   000A3E  2225               	addwfc	(___flmul@prod+3)^0,f,c
  1002   000A40  C01C  F017         	movff	___flmul@grs,??___flmul
  1003   000A44  C01D  F018         	movff	___flmul@grs+1,??___flmul+1
  1004   000A48  C01E  F019         	movff	___flmul@grs+2,??___flmul+2
  1005   000A4C  C01F  F01A         	movff	___flmul@grs+3,??___flmul+3
  1006   000A50  0E19               	movlw	25
  1007   000A52  EF30  F005         	goto	u590
  1008   000A56                     u595:
  1009   000A56  90D8               	bcf	status,0,c
  1010   000A58  321A               	rrcf	(??___flmul+3)^0,f,c
  1011   000A5A  3219               	rrcf	(??___flmul+2)^0,f,c
  1012   000A5C  3218               	rrcf	(??___flmul+1)^0,f,c
  1013   000A5E  3217               	rrcf	??___flmul^0,f,c
  1014   000A60                     u590:
  1015   000A60  2EE8               	decfsz	wreg,f,c
  1016   000A62  EF2B  F005         	goto	u595
  1017   000A66  5017               	movf	??___flmul^0,w,c
  1018   000A68  2622               	addwf	___flmul@prod^0,f,c
  1019   000A6A  5018               	movf	(??___flmul+1)^0,w,c
  1020   000A6C  2223               	addwfc	(___flmul@prod+1)^0,f,c
  1021   000A6E  5019               	movf	(??___flmul+2)^0,w,c
  1022   000A70  2224               	addwfc	(___flmul@prod+2)^0,f,c
  1023   000A72  501A               	movf	(??___flmul+3)^0,w,c
  1024   000A74  2225               	addwfc	(___flmul@prod+3)^0,f,c
  1025   000A76  C01E  F01F         	movff	___flmul@grs+2,___flmul@grs+3
  1026   000A7A  C01D  F01E         	movff	___flmul@grs+1,___flmul@grs+2
  1027   000A7E  C01C  F01D         	movff	___flmul@grs,___flmul@grs+1
  1028   000A82  6A1C               	clrf	___flmul@grs^0,c
  1029   000A84  5020               	movf	___flmul@aexp^0,w,c
  1030   000A86  C021  F017         	movff	___flmul@bexp,??___flmul
  1031   000A8A  6A18               	clrf	(??___flmul+1)^0,c
  1032   000A8C  2617               	addwf	??___flmul^0,f,c
  1033   000A8E  0E00               	movlw	0
  1034   000A90  2218               	addwfc	(??___flmul+1)^0,f,c
  1035   000A92  0E82               	movlw	130
  1036   000A94  2417               	addwf	??___flmul^0,w,c
  1037   000A96  6E26               	movwf	___flmul@temp^0,c
  1038   000A98  0EFF               	movlw	255
  1039   000A9A  2018               	addwfc	(??___flmul+1)^0,w,c
  1040   000A9C  6E27               	movwf	(___flmul@temp+1)^0,c
  1041   000A9E  EF66  F005         	goto	l1059
  1042   000AA2                     l1053:
  1043   000AA2  90D8               	bcf	status,0,c
  1044   000AA4  3622               	rlcf	___flmul@prod^0,f,c
  1045   000AA6  3623               	rlcf	(___flmul@prod+1)^0,f,c
  1046   000AA8  3624               	rlcf	(___flmul@prod+2)^0,f,c
  1047   000AAA  3625               	rlcf	(___flmul@prod+3)^0,f,c
  1048   000AAC  AE1F               	btfss	(___flmul@grs+3)^0,7,c
  1049   000AAE  EF5B  F005         	goto	u601
  1050   000AB2  EF5D  F005         	goto	u600
  1051   000AB6                     u601:
  1052   000AB6  EF5E  F005         	goto	l669
  1053   000ABA                     u600:
  1054   000ABA  8022               	bsf	___flmul@prod^0,0,c
  1055   000ABC                     l669:
  1056   000ABC  90D8               	bcf	status,0,c
  1057   000ABE  361C               	rlcf	___flmul@grs^0,f,c
  1058   000AC0  361D               	rlcf	(___flmul@grs+1)^0,f,c
  1059   000AC2  361E               	rlcf	(___flmul@grs+2)^0,f,c
  1060   000AC4  361F               	rlcf	(___flmul@grs+3)^0,f,c
  1061   000AC6  0626               	decf	___flmul@temp^0,f,c
  1062   000AC8  A0D8               	btfss	status,0,c
  1063   000ACA  0627               	decf	(___flmul@temp+1)^0,f,c
  1064   000ACC                     l1059:
  1065   000ACC  AE24               	btfss	(___flmul@prod+2)^0,7,c
  1066   000ACE  EF6B  F005         	goto	u611
  1067   000AD2  EF6D  F005         	goto	u610
  1068   000AD6                     u611:
  1069   000AD6  EF51  F005         	goto	l1053
  1070   000ADA                     u610:
  1071   000ADA  0E00               	movlw	0
  1072   000ADC  6E20               	movwf	___flmul@aexp^0,c
  1073   000ADE  AE1F               	btfss	(___flmul@grs+3)^0,7,c
  1074   000AE0  EF74  F005         	goto	u621
  1075   000AE4  EF76  F005         	goto	u620
  1076   000AE8                     u621:
  1077   000AE8  EF9A  F005         	goto	l671
  1078   000AEC                     u620:
  1079   000AEC  0EFF               	movlw	255
  1080   000AEE  141C               	andwf	___flmul@grs^0,w,c
  1081   000AF0  6E17               	movwf	??___flmul^0,c
  1082   000AF2  0EFF               	movlw	255
  1083   000AF4  141D               	andwf	(___flmul@grs+1)^0,w,c
  1084   000AF6  6E18               	movwf	(??___flmul+1)^0,c
  1085   000AF8  0EFF               	movlw	255
  1086   000AFA  141E               	andwf	(___flmul@grs+2)^0,w,c
  1087   000AFC  6E19               	movwf	(??___flmul+2)^0,c
  1088   000AFE  0E7F               	movlw	127
  1089   000B00  141F               	andwf	(___flmul@grs+3)^0,w,c
  1090   000B02  6E1A               	movwf	(??___flmul+3)^0,c
  1091   000B04  5017               	movf	??___flmul^0,w,c
  1092   000B06  1018               	iorwf	(??___flmul+1)^0,w,c
  1093   000B08  1019               	iorwf	(??___flmul+2)^0,w,c
  1094   000B0A  101A               	iorwf	(??___flmul+3)^0,w,c
  1095   000B0C  B4D8               	btfsc	status,2,c
  1096   000B0E  EF8B  F005         	goto	u631
  1097   000B12  EF8D  F005         	goto	u630
  1098   000B16                     u631:
  1099   000B16  EF91  F005         	goto	l672
  1100   000B1A                     u630:
  1101   000B1A                     l1067:
  1102   000B1A  0E01               	movlw	1
  1103   000B1C  6E20               	movwf	___flmul@aexp^0,c
  1104   000B1E  EF9A  F005         	goto	l671
  1105   000B22                     l672:
  1106   000B22  A022               	btfss	___flmul@prod^0,0,c
  1107   000B24  EF96  F005         	goto	u641
  1108   000B28  EF98  F005         	goto	u640
  1109   000B2C                     u641:
  1110   000B2C  EF9A  F005         	goto	l671
  1111   000B30                     u640:
  1112   000B30  EF8D  F005         	goto	l1067
  1113   000B34                     l671:
  1114   000B34  5020               	movf	___flmul@aexp^0,w,c
  1115   000B36  B4D8               	btfsc	status,2,c
  1116   000B38  EFA0  F005         	goto	u651
  1117   000B3C  EFA2  F005         	goto	u650
  1118   000B40                     u651:
  1119   000B40  EFC6  F005         	goto	l1079
  1120   000B44                     u650:
  1121   000B44  0E01               	movlw	1
  1122   000B46  2622               	addwf	___flmul@prod^0,f,c
  1123   000B48  0E00               	movlw	0
  1124   000B4A  2223               	addwfc	(___flmul@prod+1)^0,f,c
  1125   000B4C  2224               	addwfc	(___flmul@prod+2)^0,f,c
  1126   000B4E  2225               	addwfc	(___flmul@prod+3)^0,f,c
  1127   000B50  A025               	btfss	(___flmul@prod+3)^0,0,c
  1128   000B52  EFAD  F005         	goto	u661
  1129   000B56  EFAF  F005         	goto	u660
  1130   000B5A                     u661:
  1131   000B5A  EFC6  F005         	goto	l1079
  1132   000B5E                     u660:
  1133   000B5E  C022  F017         	movff	___flmul@prod,??___flmul
  1134   000B62  C023  F018         	movff	___flmul@prod+1,??___flmul+1
  1135   000B66  C024  F019         	movff	___flmul@prod+2,??___flmul+2
  1136   000B6A  C025  F01A         	movff	___flmul@prod+3,??___flmul+3
  1137   000B6E  341A               	rlcf	(??___flmul+3)^0,w,c
  1138   000B70  321A               	rrcf	(??___flmul+3)^0,f,c
  1139   000B72  3219               	rrcf	(??___flmul+2)^0,f,c
  1140   000B74  3218               	rrcf	(??___flmul+1)^0,f,c
  1141   000B76  3217               	rrcf	??___flmul^0,f,c
  1142   000B78  C017  F022         	movff	??___flmul,___flmul@prod
  1143   000B7C  C018  F023         	movff	??___flmul+1,___flmul@prod+1
  1144   000B80  C019  F024         	movff	??___flmul+2,___flmul@prod+2
  1145   000B84  C01A  F025         	movff	??___flmul+3,___flmul@prod+3
  1146   000B88  4A26               	infsnz	___flmul@temp^0,f,c
  1147   000B8A  2A27               	incf	(___flmul@temp+1)^0,f,c
  1148   000B8C                     l1079:
  1149   000B8C  BE27               	btfsc	(___flmul@temp+1)^0,7,c
  1150   000B8E  EFD1  F005         	goto	u671
  1151   000B92  5027               	movf	(___flmul@temp+1)^0,w,c
  1152   000B94  E108               	bnz	u670
  1153   000B96  2826               	incf	___flmul@temp^0,w,c
  1154   000B98  A0D8               	btfss	status,0,c
  1155   000B9A  EFD1  F005         	goto	u671
  1156   000B9E  EFD3  F005         	goto	u670
  1157   000BA2                     u671:
  1158   000BA2  EFDD  F005         	goto	l1083
  1159   000BA6                     u670:
  1160   000BA6  0E00               	movlw	0
  1161   000BA8  6E22               	movwf	___flmul@prod^0,c
  1162   000BAA  0E00               	movlw	0
  1163   000BAC  6E23               	movwf	(___flmul@prod+1)^0,c
  1164   000BAE  0E80               	movlw	128
  1165   000BB0  6E24               	movwf	(___flmul@prod+2)^0,c
  1166   000BB2  0E7F               	movlw	127
  1167   000BB4  6E25               	movwf	(___flmul@prod+3)^0,c
  1168   000BB6  EF0B  F006         	goto	l1095
  1169   000BBA                     l1083:
  1170   000BBA  BE27               	btfsc	(___flmul@temp+1)^0,7,c
  1171   000BBC  EFEA  F005         	goto	u680
  1172   000BC0  5027               	movf	(___flmul@temp+1)^0,w,c
  1173   000BC2  E106               	bnz	u681
  1174   000BC4  0426               	decf	___flmul@temp^0,w,c
  1175   000BC6  B0D8               	btfsc	status,0,c
  1176   000BC8  EFE8  F005         	goto	u681
  1177   000BCC  EFEA  F005         	goto	u680
  1178   000BD0                     u681:
  1179   000BD0  EFF6  F005         	goto	l679
  1180   000BD4                     u680:
  1181   000BD4  0E00               	movlw	0
  1182   000BD6  6E22               	movwf	___flmul@prod^0,c
  1183   000BD8  0E00               	movlw	0
  1184   000BDA  6E23               	movwf	(___flmul@prod+1)^0,c
  1185   000BDC  0E00               	movlw	0
  1186   000BDE  6E24               	movwf	(___flmul@prod+2)^0,c
  1187   000BE0  0E00               	movlw	0
  1188   000BE2  6E25               	movwf	(___flmul@prod+3)^0,c
  1189   000BE4  0E00               	movlw	0
  1190   000BE6  6E1B               	movwf	___flmul@sign^0,c
  1191   000BE8  EF0B  F006         	goto	l1095
  1192   000BEC                     l679:
  1193   000BEC  C026  F021         	movff	___flmul@temp,___flmul@bexp
  1194   000BF0  0EFF               	movlw	255
  1195   000BF2  1622               	andwf	___flmul@prod^0,f,c
  1196   000BF4  0EFF               	movlw	255
  1197   000BF6  1623               	andwf	(___flmul@prod+1)^0,f,c
  1198   000BF8  0E7F               	movlw	127
  1199   000BFA  1624               	andwf	(___flmul@prod+2)^0,f,c
  1200   000BFC  0E00               	movlw	0
  1201   000BFE  1625               	andwf	(___flmul@prod+3)^0,f,c
  1202   000C00  A021               	btfss	___flmul@bexp^0,0,c
  1203   000C02  EF05  F006         	goto	u691
  1204   000C06  EF07  F006         	goto	u690
  1205   000C0A                     u691:
  1206   000C0A  EF08  F006         	goto	l1093
  1207   000C0E                     u690:
  1208   000C0E  8E24               	bsf	(___flmul@prod+2)^0,7,c
  1209   000C10                     l1093:
  1210   000C10  90D8               	bcf	status,0,c
  1211   000C12  3021               	rrcf	___flmul@bexp^0,w,c
  1212   000C14  6E25               	movwf	(___flmul@prod+3)^0,c
  1213   000C16                     l1095:
  1214   000C16  501B               	movf	___flmul@sign^0,w,c
  1215   000C18  1225               	iorwf	(___flmul@prod+3)^0,f,c
  1216   000C1A  C022  F00F         	movff	___flmul@prod,?___flmul
  1217   000C1E  C023  F010         	movff	___flmul@prod+1,?___flmul+1
  1218   000C22  C024  F011         	movff	___flmul@prod+2,?___flmul+2
  1219   000C26  C025  F012         	movff	___flmul@prod+3,?___flmul+3
  1220   000C2A                     l666:
  1221   000C2A  0012               	return		;funcret
  1222   000C2C                     __end_of___flmul:
  1223                           	callstack 0
  1224                           
  1225 ;; *************** function _ADC_Read *****************
  1226 ;; Defined at:
  1227 ;;		line 39 in file "ADC_LAB2.c"
  1228 ;; Parameters:    Size  Location     Type
  1229 ;;  channel         2    0[COMRAM] int 
  1230 ;; Auto vars:     Size  Location     Type
  1231 ;;  digital         2    6[COMRAM] int 
  1232 ;; Return value:  Size  Location     Type
  1233 ;;                  2    0[COMRAM] int 
  1234 ;; Registers used:
  1235 ;;		wreg, status,2, status,0
  1236 ;; Tracked objects:
  1237 ;;		On entry : 0/0
  1238 ;;		On exit  : 0/0
  1239 ;;		Unchanged: 0/0
  1240 ;; Data sizes:     COMRAM   BANK0   BANK1   BANK2   BANK3   BANK4   BANK5   BANK6   BANK7
  1241 ;;      Params:         2       0       0       0       0       0       0       0       0
  1242 ;;      Locals:         2       0       0       0       0       0       0       0       0
  1243 ;;      Temps:          4       0       0       0       0       0       0       0       0
  1244 ;;      Totals:         8       0       0       0       0       0       0       0       0
  1245 ;;Total ram usage:        8 bytes
  1246 ;; Hardware stack levels used: 1
  1247 ;; This function calls:
  1248 ;;		Nothing
  1249 ;; This function is called by:
  1250 ;;		_main
  1251 ;; This function uses a non-reentrant model
  1252 ;;
  1253                           
  1254                           	psect	text4
  1255   000EE6                     __ptext4:
  1256                           	callstack 0
  1257   000EE6                     _ADC_Read:
  1258                           	callstack 30
  1259   000EE6                     
  1260                           ;ADC_LAB2.c: 40:     int digital;;ADC_LAB2.c: 41:     ADCON0 = (ADCON0 & 0b11000011) | (
      +                          (channel << 2) & 0b00111100);
  1261   000EE6  C001  F003         	movff	ADC_Read@channel,??_ADC_Read
  1262   000EEA  90D8               	bcf	status,0,c
  1263   000EEC  3603               	rlcf	??_ADC_Read^0,f,c
  1264   000EEE  90D8               	bcf	status,0,c
  1265   000EF0  3603               	rlcf	??_ADC_Read^0,f,c
  1266   000EF2  0E3C               	movlw	60
  1267   000EF4  1603               	andwf	??_ADC_Read^0,f,c
  1268   000EF6  50C2               	movf	194,w,c	;volatile
  1269   000EF8  0BC3               	andlw	195
  1270   000EFA  1003               	iorwf	??_ADC_Read^0,w,c
  1271   000EFC  6EC2               	movwf	194,c	;volatile
  1272                           
  1273                           ;ADC_LAB2.c: 42:     ADCON0 |= ((1 << ADON) | (1 << GO));
  1274   000EFE  B2C2               	btfsc	4034,1,c	;volatile
  1275   000F00  EF84  F007         	goto	u441
  1276   000F04  EF88  F007         	goto	u440
  1277   000F08                     u441:
  1278   000F08  6A03               	clrf	??_ADC_Read^0,c
  1279   000F0A  2A03               	incf	??_ADC_Read^0,f,c
  1280   000F0C  EF89  F007         	goto	u458
  1281   000F10                     u440:
  1282   000F10  6A03               	clrf	??_ADC_Read^0,c
  1283   000F12                     u458:
  1284   000F12  0E01               	movlw	1
  1285   000F14  6E04               	movwf	(??_ADC_Read+1)^0,c
  1286   000F16  2A03               	incf	??_ADC_Read^0,f,c
  1287   000F18  EF90  F007         	goto	u464
  1288   000F1C                     u465:
  1289   000F1C  90D8               	bcf	status,0,c
  1290   000F1E  3604               	rlcf	(??_ADC_Read+1)^0,f,c
  1291   000F20                     u464:
  1292   000F20  2E03               	decfsz	??_ADC_Read^0,f,c
  1293   000F22  EF8E  F007         	goto	u465
  1294   000F26  B0C2               	btfsc	4034,0,c	;volatile
  1295   000F28  EF98  F007         	goto	u471
  1296   000F2C  EF9C  F007         	goto	u470
  1297   000F30                     u471:
  1298   000F30  6A05               	clrf	(??_ADC_Read+2)^0,c
  1299   000F32  2A05               	incf	(??_ADC_Read+2)^0,f,c
  1300   000F34  EF9D  F007         	goto	u488
  1301   000F38                     u470:
  1302   000F38  6A05               	clrf	(??_ADC_Read+2)^0,c
  1303   000F3A                     u488:
  1304   000F3A  0E01               	movlw	1
  1305   000F3C  6E06               	movwf	(??_ADC_Read+3)^0,c
  1306   000F3E  2A05               	incf	(??_ADC_Read+2)^0,f,c
  1307   000F40  EFA4  F007         	goto	u494
  1308   000F44                     u495:
  1309   000F44  90D8               	bcf	status,0,c
  1310   000F46  3606               	rlcf	(??_ADC_Read+3)^0,f,c
  1311   000F48                     u494:
  1312   000F48  2E05               	decfsz	(??_ADC_Read+2)^0,f,c
  1313   000F4A  EFA2  F007         	goto	u495
  1314   000F4E  5006               	movf	(??_ADC_Read+3)^0,w,c
  1315   000F50  1004               	iorwf	(??_ADC_Read+1)^0,w,c
  1316   000F52  12C2               	iorwf	194,f,c	;volatile
  1317   000F54                     l42:
  1318   000F54  B2C2               	btfsc	194,1,c	;volatile
  1319   000F56  EFAF  F007         	goto	u501
  1320   000F5A  EFB1  F007         	goto	u500
  1321   000F5E                     u501:
  1322   000F5E  EFAA  F007         	goto	l42
  1323   000F62                     u500:
  1324   000F62                     
  1325                           ;ADC_LAB2.c: 44:     digital = (ADRESH * 256) | ADRESL;
  1326   000F62  50C3               	movf	195,w,c	;volatile
  1327   000F64  CFC4 F003          	movff	4036,??_ADC_Read	;volatile
  1328   000F68  6A04               	clrf	(??_ADC_Read+1)^0,c
  1329   000F6A  C003  F004         	movff	??_ADC_Read,??_ADC_Read+1
  1330   000F6E  6A03               	clrf	??_ADC_Read^0,c
  1331   000F70  1003               	iorwf	??_ADC_Read^0,w,c
  1332   000F72  6E07               	movwf	ADC_Read@digital^0,c
  1333   000F74  5004               	movf	(??_ADC_Read+1)^0,w,c
  1334   000F76  6E08               	movwf	(ADC_Read@digital+1)^0,c
  1335   000F78                     
  1336                           ;ADC_LAB2.c: 45:     return digital;
  1337   000F78  C007  F001         	movff	ADC_Read@digital,?_ADC_Read
  1338   000F7C  C008  F002         	movff	ADC_Read@digital+1,?_ADC_Read+1
  1339   000F80  0012               	return		;funcret
  1340   000F82                     __end_of_ADC_Read:
  1341                           	callstack 0
  1342                           
  1343 ;; *************** function _ADC_Init *****************
  1344 ;; Defined at:
  1345 ;;		line 31 in file "ADC_LAB2.c"
  1346 ;; Parameters:    Size  Location     Type
  1347 ;;		None
  1348 ;; Auto vars:     Size  Location     Type
  1349 ;;		None
  1350 ;; Return value:  Size  Location     Type
  1351 ;;                  1    wreg      void 
  1352 ;; Registers used:
  1353 ;;		wreg, status,2
  1354 ;; Tracked objects:
  1355 ;;		On entry : 0/0
  1356 ;;		On exit  : 0/0
  1357 ;;		Unchanged: 0/0
  1358 ;; Data sizes:     COMRAM   BANK0   BANK1   BANK2   BANK3   BANK4   BANK5   BANK6   BANK7
  1359 ;;      Params:         0       0       0       0       0       0       0       0       0
  1360 ;;      Locals:         0       0       0       0       0       0       0       0       0
  1361 ;;      Temps:          0       0       0       0       0       0       0       0       0
  1362 ;;      Totals:         0       0       0       0       0       0       0       0       0
  1363 ;;Total ram usage:        0 bytes
  1364 ;; Hardware stack levels used: 1
  1365 ;; This function calls:
  1366 ;;		Nothing
  1367 ;; This function is called by:
  1368 ;;		_main
  1369 ;; This function uses a non-reentrant model
  1370 ;;
  1371                           
  1372                           	psect	text5
  1373   001006                     __ptext5:
  1374                           	callstack 0
  1375   001006                     _ADC_Init:
  1376                           	callstack 30
  1377   001006                     
  1378                           ;ADC_LAB2.c: 32:     TRISA = 0xff;
  1379   001006  6892               	setf	146,c	;volatile
  1380   001008                     
  1381                           ;ADC_LAB2.c: 33:     ADCON1 = 0x0e;
  1382   001008  0E0E               	movlw	14
  1383   00100A  6EC1               	movwf	193,c	;volatile
  1384                           
  1385                           ;ADC_LAB2.c: 34:     ADCON2 = 0x92;
  1386   00100C  0E92               	movlw	146
  1387   00100E  6EC0               	movwf	192,c	;volatile
  1388                           
  1389                           ;ADC_LAB2.c: 35:     ADRESH = 0;
  1390   001010  0E00               	movlw	0
  1391   001012  6EC4               	movwf	196,c	;volatile
  1392                           
  1393                           ;ADC_LAB2.c: 36:     ADRESL = 0;
  1394   001014  0E00               	movlw	0
  1395   001016  6EC3               	movwf	195,c	;volatile
  1396   001018  0012               	return		;funcret
  1397   00101A                     __end_of_ADC_Init:
  1398                           	callstack 0
  1399                           
  1400                           	psect	smallconst
  1401   000800                     __psmallconst:
  1402                           	callstack 0
  1403   000800  00                 	db	0
  1404   000801  00                 	db	0	; dummy byte at the end
  1405   000000                     
  1406                           	psect	rparam
  1407   000000                     tosu	equ	0xFFF
  1408                           tosh	equ	0xFFE
  1409                           tosl	equ	0xFFD
  1410                           stkptr	equ	0xFFC
  1411                           pclatu	equ	0xFFB
  1412                           pclath	equ	0xFFA
  1413                           pcl	equ	0xFF9
  1414                           tblptru	equ	0xFF8
  1415                           tblptrh	equ	0xFF7
  1416                           tblptrl	equ	0xFF6
  1417                           tablat	equ	0xFF5
  1418                           prodh	equ	0xFF4
  1419                           prodl	equ	0xFF3
  1420                           indf0	equ	0xFEF
  1421                           postinc0	equ	0xFEE
  1422                           postdec0	equ	0xFED
  1423                           preinc0	equ	0xFEC
  1424                           plusw0	equ	0xFEB
  1425                           fsr0h	equ	0xFEA
  1426                           fsr0l	equ	0xFE9
  1427                           wreg	equ	0xFE8
  1428                           indf1	equ	0xFE7
  1429                           postinc1	equ	0xFE6
  1430                           postdec1	equ	0xFE5
  1431                           preinc1	equ	0xFE4
  1432                           plusw1	equ	0xFE3
  1433                           fsr1h	equ	0xFE2
  1434                           fsr1l	equ	0xFE1
  1435                           bsr	equ	0xFE0
  1436                           indf2	equ	0xFDF
  1437                           postinc2	equ	0xFDE
  1438                           postdec2	equ	0xFDD
  1439                           preinc2	equ	0xFDC
  1440                           plusw2	equ	0xFDB
  1441                           fsr2h	equ	0xFDA
  1442                           fsr2l	equ	0xFD9
  1443                           status	equ	0xFD8

Data Sizes:
    Strings     0
    Constant    0
    Data        0
    BSS         0
    Persistent  0
    Stack       0

Auto Spaces:
    Space          Size  Autos    Used
    COMRAM           95     53      53
    BANK0           160      0       0
    BANK1           256      0       0
    BANK2           256      0       0
    BANK3           256      0       0
    BANK4           256      0       0
    BANK5           256      0       0
    BANK6           256      0       0
    BANK7           256      0       0

Pointer List with Targets:

    None.

Critical Paths under _main in COMRAM

    _main->___fltol
    ___fltol->___flmul
    ___flmul->___xxtofl

Critical Paths under _main in BANK0

    None.

Critical Paths under _main in BANK1

    None.

Critical Paths under _main in BANK2

    None.

Critical Paths under _main in BANK3

    None.

Critical Paths under _main in BANK4

    None.

Critical Paths under _main in BANK5

    None.

Critical Paths under _main in BANK6

    None.

Critical Paths under _main in BANK7

    None.

Call Graph Tables:

 ---------------------------------------------------------------------------------
 (Depth) Function   	        Calls       Base Space   Used Autos Params    Refs
 ---------------------------------------------------------------------------------
 (0) _main                                                14    14      0    2614
                                             49 COMRAM     4     4      0
                           _ADC_Init
                           _ADC_Read
                            ___flmul
                            ___fltol
                           ___xxtofl
 ---------------------------------------------------------------------------------
 (1) ___xxtofl                                            14    10      4     398
                                              0 COMRAM    14    10      4
 ---------------------------------------------------------------------------------
 (1) ___fltol                                             10     6      4     305
                                             39 COMRAM    10     6      4
                            ___flmul (ARG)
                           ___xxtofl (ARG)
 ---------------------------------------------------------------------------------
 (1) ___flmul                                             25    17      8    1744
                                             14 COMRAM    25    17      8
                           ___xxtofl (ARG)
 ---------------------------------------------------------------------------------
 (1) _ADC_Read                                             8     6      2     121
                                              0 COMRAM     8     6      2
 ---------------------------------------------------------------------------------
 (1) _ADC_Init                                             0     0      0       0
 ---------------------------------------------------------------------------------
 Estimated maximum stack depth 1
 ---------------------------------------------------------------------------------

 Call Graph Graphs:

 _main (ROOT)
   _ADC_Init
   _ADC_Read
   ___flmul
     ___xxtofl (ARG)
   ___fltol
     ___flmul (ARG)
     ___xxtofl (ARG)
   ___xxtofl

 Address spaces:
Name               Size   Autos  Total    Cost      Usage
BITCOMRAM           5F      0       0       0        0.0%
EEDATA             100      0       0       0        0.0%
NULL                 0      0       0       0        0.0%
CODE                 0      0       0       0        0.0%
COMRAM              5F     35      35       1       55.8%
STACK                0      0       0       2        0.0%
ABS                  0      0       0       3        0.0%
DATA                 0      0       0       4        0.0%
BITBANK0            A0      0       0       5        0.0%
BANK0               A0      0       0       6        0.0%
BITBANK1           100      0       0       7        0.0%
BANK1              100      0       0       8        0.0%
BITBANK2           100      0       0       9        0.0%
BANK2              100      0       0      10        0.0%
BITBANK3           100      0       0      11        0.0%
BANK3              100      0       0      12        0.0%
BITBANK4           100      0       0      13        0.0%
BANK4              100      0       0      14        0.0%
BITBANK5           100      0       0      15        0.0%
BANK5              100      0       0      16        0.0%
BITBANK6           100      0       0      17        0.0%
BANK6              100      0       0      18        0.0%
BITBANK7           100      0       0      19        0.0%
BANK7              100      0       0      20        0.0%
BITBIGSFRhh         2C      0       0      21        0.0%
BITBIGSFRhlhh        E      0       0      22        0.0%
BITBIGSFRhll        2C      0       0      23        0.0%
BITBIGSFRlh         10      0       0      24        0.0%
BITBIGSFRll         21      0       0      25        0.0%
BIGRAM             7FF      0       0      26        0.0%
BIGSFR               0      0       0     200        0.0%
BITSFR               0      0       0     200        0.0%
SFR                  0      0       0     200        0.0%


Microchip Technology PIC18 Macro Assembler V2.46 build 20240104201356 
Symbol Table                                                                                   Mon Aug 26 11:30:35 2024

                     l42 0F54                       l45 0F80                       l39 1018  
                     _GO 7E11                      l345 0EE4                      l710 0D1A  
                    l703 0C82                      l721 1006                      l706 0DDE  
                    l723 1008                      l717 0D76                      l662 08C6  
                    l671 0B34                      l672 0B22                      l666 0C2A  
                    l669 0ABC                      l679 0BEC                      l963 0EE6  
                    l971 0802                      l965 0F62                      l981 083E  
                    l973 080E                      l967 0F78                      l991 0870  
                    l983 084E                      l975 081C                      l993 087E  
                    l985 0854                      l977 081E                      l995 0880  
                    l987 0864                      l979 082E                      l997 0890  
                    l989 086A                      l999 08A0                      u500 0F62  
                    u501 0F5E                      u510 081C                      u511 0818  
                    u440 0F10                      u600 0ABA                      u520 082E  
                    u441 0F08                      u601 0AB6                      u521 082A  
                    u610 0ADA                      u530 083E                      u611 0AD6  
                    u531 083A                      u620 0AEC                      u540 087E  
                    u700 0DF6                      u621 0AE8                      u541 087A  
                    u701 0DF2                      u470 0F38                      u630 0B1A  
                    u550 0890                      u710 0E2A                      u471 0F30  
                    u631 0B16                      u551 088C                      u464 0F20  
                    u640 0B30                      u560 08A0                      u720 0E58  
                    u800 0CFE                      u465 0F1C                      u641 0B2C  
                    u561 089C                      u721 0E54                      u801 0CFA  
                    u458 0F12                      u650 0B44                      u570 08D6  
                    u730 0E6C                      u810 0D48                      u651 0B40  
                    u571 08D2                      u731 0E68                      u715 0E20  
                    u811 0D44                      u660 0B5E                      u580 08E6  
                    u740 0E94                      u820 0D66                      u661 0B5A  
                    u581 08E2                      u741 0E90                      u821 0D62  
                    u494 0F48                      u670 0BA6                      u590 0A60  
                    u750 0EB4                      u830 0D76                      u495 0F44  
                    u671 0BA2                      u751 0EB0                      u831 0D72  
                    u488 0F3A                      u680 0BD4                      u760 0EC4  
                    u840 0D84                      u681 0BD0                      u761 0EC0  
                    u841 0D80                      u690 0C0E                      u850 0DBE  
                    u770 0C3E                      u691 0C0A                      u595 0A56  
                    u851 0DBA                      u771 0C3A                      u860 0DCC  
                    u780 0C4C                      u861 0DC8                      u781 0C48  
                    u790 0CA8                      u791 0CA4                      wreg 0FE8  
           ___flmul@aexp 0020             ___flmul@bexp 0021             ___flmul@sign 001B  
           ___flmul@temp 0026             ___flmul@prod 0022              main@digital 0032  
           ___fltol@exp1 0031                     l1001 08B0                     l1011 08FA  
                   l1003 08B6                     l1021 094A                     l1013 0906  
                   l1005 08D6                     l1101 0DE0                     l1031 098C  
                   l1023 0956                     l1015 0910                     l1007 08E6  
                   l1111 0E36                     l1103 0DF6                     l1041 09EE  
                   l1033 0998                     l1025 0962                     l1017 0926  
                   l1113 0E46                     l1051 0A84                     l1043 09FA  
                   l1035 09A8                     l1027 0970                     l1019 0932  
                   l1123 0E70                     l1115 0E4A                     l1107 0E0A  
                   l1061 0ADA                     l1053 0AA2                     l1045 0A16  
                   l1037 09C2                     l1029 097C                     l1141 0ED4  
                   l1133 0E98                     l1125 0E7A                     l1117 0E58  
                   l1109 0E34                     l1071 0B44                     l1063 0ADE  
                   l1055 0AAC                     l1047 0A40                     l1039 09D2  
                   l1135 0EA4                     l1127 0E84                     l1151 0C92  
                   l1081 0BA6                     l1073 0B50                     l1065 0AEC  
                   l1057 0ABA                     l1049 0A76                     l1137 0EB4  
                   l1161 0CD0                     l1153 0CA8                     l1145 0C2E  
                   l1091 0C0E                     l1083 0BBA                     l1075 0B5E  
                   l1067 0B1A                     l1059 0ACC                     l1139 0EC4  
                   l1171 0D58                     l1163 0D02                     l1147 0C3E  
                   l1093 0C10                     l1085 0BD4                     l1077 0B88  
                   l1181 0DAE                     l1173 0D66                     l1165 0D04  
                   l1157 0CBC                     l1149 0C4C                     l1087 0BF0  
                   l1095 0C16                     l1079 0B8C                     l1183 0DBE  
                   l1175 0D84                     l1167 0D10                     l1159 0CC4  
                   l1191 0F82                     l1097 0C1A                     l1089 0C00  
                   l1185 0DCC                     l1177 0D86                     l1169 0D4C  
                   l1193 0F8A                     l1187 0DCE                     l1179 0D8A  
                   l1195 0F8E                     l1197 0FA2                     l1199 0FFA  
                   _ADON 7E10                     _main 0F82         __end_of_ADC_Init 101A  
       __end_of_ADC_Read 0F82                     prodh 0FF4                     prodl 0FF3  
                   start 0000             ___param_bank 0000             main@bits10a8 0034  
          ___fltol@sign1 0030                    ?_main 0001          __end_of___flmul 0C2C  
        __end_of___fltol 0EE6                    _PORTB 0F81                    _TRISA 0F92  
                  _TRISB 0F93                    status 0FD8          __initialization 101A  
           __end_of_main 1006                   ??_main 0032            __activetblptr 0000  
                 _ADCON0 0FC2                   _ADCON1 0FC1                   _ADCON2 0FC0  
                 _ADRESH 0FC4                   _ADRESL 0FC3                   _OSCCON 0FD3  
       __end_of___xxtofl 0DE0                ??___flmul 0017                ??___fltol 002C  
        ADC_Read@channel 0001          ADC_Read@digital 0007                   isa$std 0001  
              ?_ADC_Init 0001                ?_ADC_Read 0001             __mediumconst 0000  
           ___xxtofl@arg 000B             ___xxtofl@exp 000A             ___xxtofl@val 0001  
             __accesstop 0060  __end_of__initialization 101A            ___rparam_used 0001  
             ___fltol@f1 0028           __pcstackCOMRAM 0001               ??_ADC_Init 0001  
             ??_ADC_Read 0003                ?___xxtofl 0001                  __Hparam 0000  
                __Lparam 0000                  ___flmul 0802                  ___fltol 0DE0  
           __psmallconst 0800                  __pcinit 101A                  __ramtop 0800  
                __ptext0 0F82                  __ptext1 0C2C                  __ptext2 0DE0  
                __ptext3 0802                  __ptext4 0EE6                  __ptext5 1006  
             ??___xxtofl 0005     end_of_initialization 101A            ___xxtofl@sign 0009  
            ___flmul@grs 001C      start_initialization 101A                ___flmul@a 0013  
              ___flmul@b 000F                 ?___flmul 000F                 ?___fltol 0028  
            __smallconst 0800                 _ADC_Init 1006                 _ADC_Read 0EE6  
             _ADCON0bits 0FC2                 __Hrparam 0000                 __Lrparam 0000  
               ___xxtofl 0C2C                 isa$xinst 0000  
